0 info it worked if it ends with ok
1 verbose cli [ '/Users/joeraso/.nvm/versions/node/v4.4.5/bin/node',
1 verbose cli   '/Users/joeraso/.nvm/versions/node/v4.4.5/bin/npm',
1 verbose cli   'start' ]
2 info using npm@4.0.3
3 info using node@v4.4.5
4 verbose run-script [ 'prestart', 'start', 'poststart' ]
5 info lifecycle myapp@0.0.0~prestart: myapp@0.0.0
6 silly lifecycle myapp@0.0.0~prestart: no script for prestart, continuing
7 info lifecycle myapp@0.0.0~start: myapp@0.0.0
8 verbose lifecycle myapp@0.0.0~start: unsafe-perm in lifecycle true
9 verbose lifecycle myapp@0.0.0~start: PATH: /Users/joeraso/.nvm/versions/node/v4.4.5/lib/node_modules/npm/bin/node-gyp-bin:/Users/joeraso/Desktop/choptimization/node_modules/.bin:/Users/joeraso/.nvm/versions/node/v4.4.5/bin:/Users/joeraso/anaconda2/bin:/Users/joeraso/anaconda3/bin:/Users/joeraso/bin:/Users/joeraso/.local/bin:/usr/local/bin:/usr/bin:/usr/local/bin:/usr/bin:/bin:/usr/sbin:/sbin:/Library/TeX/texbin:/Applications/Wireshark.app/Contents/MacOS
10 verbose lifecycle myapp@0.0.0~start: CWD: /Users/joeraso/Desktop/choptimization
11 silly lifecycle myapp@0.0.0~start: Args: [ '-c', 'node ./bin/www' ]
12 silly lifecycle myapp@0.0.0~start: Returned: code: 1  signal: null
13 info lifecycle myapp@0.0.0~start: Failed to exec start script
14 verbose stack Error: myapp@0.0.0 start: `node ./bin/www`
14 verbose stack Exit status 1
14 verbose stack     at EventEmitter.<anonymous> (/Users/joeraso/.nvm/versions/node/v4.4.5/lib/node_modules/npm/lib/utils/lifecycle.js:279:16)
14 verbose stack     at emitTwo (events.js:87:13)
14 verbose stack     at EventEmitter.emit (events.js:172:7)
14 verbose stack     at ChildProcess.<anonymous> (/Users/joeraso/.nvm/versions/node/v4.4.5/lib/node_modules/npm/lib/utils/spawn.js:40:14)
14 verbose stack     at emitTwo (events.js:87:13)
14 verbose stack     at ChildProcess.emit (events.js:172:7)
14 verbose stack     at maybeClose (internal/child_process.js:827:16)
14 verbose stack     at Process.ChildProcess._handle.onexit (internal/child_process.js:211:5)
15 verbose pkgid myapp@0.0.0
16 verbose cwd /Users/joeraso/Desktop/choptimization
17 error Darwin 16.0.0
18 error argv "/Users/joeraso/.nvm/versions/node/v4.4.5/bin/node" "/Users/joeraso/.nvm/versions/node/v4.4.5/bin/npm" "start"
19 error node v4.4.5
20 error npm  v4.0.3
21 error code ELIFECYCLE
22 error myapp@0.0.0 start: `node ./bin/www`
22 error Exit status 1
23 error Failed at the myapp@0.0.0 start script 'node ./bin/www'.
23 error Make sure you have the latest version of node.js and npm installed.
23 error If you do, this is most likely a problem with the myapp package,
23 error not with npm itself.
23 error Tell the author that this fails on your system:
23 error     node ./bin/www
23 error You can get information on how to open an issue for this project with:
23 error     npm bugs myapp
23 error Or if that isn't available, you can get their info via:
23 error     npm owner ls myapp
23 error There is likely additional logging output above.
24 verbose exit [ 1, true ]
